{"C:\\nodejs\\microservice_login\\server\\middleware.js": {"path":"C:\\nodejs\\microservice_login\\server\\middleware.js","statementMap":{"0":{"start":{"line":10,"column":26},"end":{"line":18,"column":1}},"1":{"start":{"line":11,"column":4},"end":{"line":11,"column":28}},"2":{"start":{"line":13,"column":4},"end":{"line":13,"column":29}},"3":{"start":{"line":14,"column":4},"end":{"line":14,"column":29}},"4":{"start":{"line":15,"column":4},"end":{"line":15,"column":31}},"5":{"start":{"line":16,"column":4},"end":{"line":16,"column":32}},"6":{"start":{"line":17,"column":4},"end":{"line":17,"column":26}}},"fnMap":{"0":{"name":"(anonymous_0)","decl":{"start":{"line":10,"column":26},"end":{"line":10,"column":27}},"loc":{"start":{"line":10,"column":43},"end":{"line":18,"column":1}},"line":10}},"branchMap":{},"s":{"0":1,"1":1,"2":1,"3":1,"4":1,"5":1,"6":1},"f":{"0":1},"b":{},"_coverageSchema":"1a1c01bbd47fc00a2c39e90264f33305004495a9","hash":"04d32913c670263adb609b8a7d090c234b711076"}
,"C:\\nodejs\\microservice_login\\server\\services\\connectDB.js": {"path":"C:\\nodejs\\microservice_login\\server\\services\\connectDB.js","statementMap":{"0":{"start":{"line":8,"column":25},"end":{"line":21,"column":1}},"1":{"start":{"line":9,"column":4},"end":{"line":20,"column":10}},"2":{"start":{"line":15,"column":20},"end":{"line":15,"column":54}},"3":{"start":{"line":17,"column":12},"end":{"line":17,"column":38}},"4":{"start":{"line":18,"column":12},"end":{"line":18,"column":38}},"5":{"start":{"line":19,"column":12},"end":{"line":19,"column":29}}},"fnMap":{"0":{"name":"(anonymous_0)","decl":{"start":{"line":8,"column":25},"end":{"line":8,"column":26}},"loc":{"start":{"line":8,"column":86},"end":{"line":21,"column":1}},"line":8},"1":{"name":"(anonymous_1)","decl":{"start":{"line":15,"column":14},"end":{"line":15,"column":15}},"loc":{"start":{"line":15,"column":20},"end":{"line":15,"column":54}},"line":15},"2":{"name":"(anonymous_2)","decl":{"start":{"line":16,"column":15},"end":{"line":16,"column":16}},"loc":{"start":{"line":16,"column":22},"end":{"line":20,"column":9}},"line":16}},"branchMap":{"0":{"loc":{"start":{"line":8,"column":26},"end":{"line":8,"column":47}},"type":"default-arg","locations":[{"start":{"line":8,"column":35},"end":{"line":8,"column":47}}],"line":8},"1":{"loc":{"start":{"line":8,"column":49},"end":{"line":8,"column":81}},"type":"default-arg","locations":[{"start":{"line":8,"column":71},"end":{"line":8,"column":81}}],"line":8}},"s":{"0":1,"1":2,"2":1,"3":1,"4":1,"5":1},"f":{"0":2,"1":1,"2":1},"b":{"0":[0],"1":[0]},"_coverageSchema":"1a1c01bbd47fc00a2c39e90264f33305004495a9","hash":"3535499f259767f48328a51f14847b51d1065950"}
,"C:\\nodejs\\microservice_login\\server\\services\\errorHandling.js": {"path":"C:\\nodejs\\microservice_login\\server\\services\\errorHandling.js","statementMap":{"0":{"start":{"line":14,"column":4},"end":{"line":16,"column":5}},"1":{"start":{"line":15,"column":8},"end":{"line":15,"column":52}},"2":{"start":{"line":17,"column":4},"end":{"line":17,"column":21}},"3":{"start":{"line":25,"column":25},"end":{"line":28,"column":1}},"4":{"start":{"line":25,"column":36},"end":{"line":28,"column":1}},"5":{"start":{"line":26,"column":4},"end":{"line":26,"column":28}},"6":{"start":{"line":27,"column":4},"end":{"line":27,"column":14}},"7":{"start":{"line":38,"column":4},"end":{"line":42,"column":5}},"8":{"start":{"line":39,"column":8},"end":{"line":39,"column":105}},"9":{"start":{"line":41,"column":8},"end":{"line":41,"column":18}},"10":{"start":{"line":53,"column":4},"end":{"line":53,"column":50}},"11":{"start":{"line":54,"column":4},"end":{"line":54,"column":50}}},"fnMap":{"0":{"name":"validationError","decl":{"start":{"line":13,"column":16},"end":{"line":13,"column":31}},"loc":{"start":{"line":13,"column":53},"end":{"line":18,"column":1}},"line":13},"1":{"name":"(anonymous_1)","decl":{"start":{"line":25,"column":25},"end":{"line":25,"column":26}},"loc":{"start":{"line":25,"column":36},"end":{"line":28,"column":1}},"line":25},"2":{"name":"(anonymous_2)","decl":{"start":{"line":25,"column":36},"end":{"line":25,"column":37}},"loc":{"start":{"line":25,"column":61},"end":{"line":28,"column":1}},"line":25},"3":{"name":"clientErrorHandler","decl":{"start":{"line":37,"column":16},"end":{"line":37,"column":34}},"loc":{"start":{"line":37,"column":56},"end":{"line":43,"column":1}},"line":37},"4":{"name":"errorHandler","decl":{"start":{"line":52,"column":16},"end":{"line":52,"column":28}},"loc":{"start":{"line":52,"column":50},"end":{"line":55,"column":1}},"line":52}},"branchMap":{"0":{"loc":{"start":{"line":14,"column":4},"end":{"line":16,"column":5}},"type":"if","locations":[{"start":{"line":14,"column":4},"end":{"line":16,"column":5}},{"start":{"line":14,"column":4},"end":{"line":16,"column":5}}],"line":14},"1":{"loc":{"start":{"line":38,"column":4},"end":{"line":42,"column":5}},"type":"if","locations":[{"start":{"line":38,"column":4},"end":{"line":42,"column":5}},{"start":{"line":38,"column":4},"end":{"line":42,"column":5}}],"line":38}},"s":{"0":2,"1":1,"2":1,"3":1,"4":1,"5":1,"6":1,"7":2,"8":1,"9":1,"10":1,"11":1},"f":{"0":2,"1":1,"2":1,"3":2,"4":1},"b":{"0":[1,1],"1":[1,1]},"_coverageSchema":"1a1c01bbd47fc00a2c39e90264f33305004495a9","hash":"ce67434806b45fd76bf20dbfcde2438509433791"}
,"C:\\nodejs\\microservice_login\\server\\services\\logger.js": {"path":"C:\\nodejs\\microservice_login\\server\\services\\logger.js","statementMap":{"0":{"start":{"line":6,"column":8},"end":{"line":6,"column":32}},"1":{"start":{"line":10,"column":8},"end":{"line":10,"column":34}},"2":{"start":{"line":14,"column":8},"end":{"line":14,"column":35}},"3":{"start":{"line":18,"column":8},"end":{"line":18,"column":36}}},"fnMap":{"0":{"name":"(anonymous_0)","decl":{"start":{"line":5,"column":4},"end":{"line":5,"column":5}},"loc":{"start":{"line":5,"column":43},"end":{"line":7,"column":5}},"line":5},"1":{"name":"(anonymous_1)","decl":{"start":{"line":9,"column":4},"end":{"line":9,"column":5}},"loc":{"start":{"line":9,"column":17},"end":{"line":11,"column":5}},"line":9},"2":{"name":"(anonymous_2)","decl":{"start":{"line":13,"column":4},"end":{"line":13,"column":5}},"loc":{"start":{"line":13,"column":18},"end":{"line":15,"column":5}},"line":13},"3":{"name":"(anonymous_3)","decl":{"start":{"line":17,"column":4},"end":{"line":17,"column":5}},"loc":{"start":{"line":17,"column":19},"end":{"line":19,"column":5}},"line":17}},"branchMap":{"0":{"loc":{"start":{"line":5,"column":16},"end":{"line":5,"column":41}},"type":"default-arg","locations":[{"start":{"line":5,"column":27},"end":{"line":5,"column":41}}],"line":5}},"s":{"0":4,"1":1,"2":1,"3":1},"f":{"0":4,"1":1,"2":1,"3":1},"b":{"0":[1]},"_coverageSchema":"1a1c01bbd47fc00a2c39e90264f33305004495a9","hash":"85e16b0b65c6c8688b276fdd51f3ff61bb3e8cb9"}
,"C:\\nodejs\\microservice_login\\server\\user\\constants.js": {"path":"C:\\nodejs\\microservice_login\\server\\user\\constants.js","statementMap":{"0":{"start":{"line":1,"column":27},"end":{"line":1,"column":34}},"1":{"start":{"line":2,"column":30},"end":{"line":2,"column":40}},"2":{"start":{"line":3,"column":38},"end":{"line":3,"column":56}},"3":{"start":{"line":4,"column":31},"end":{"line":4,"column":41}},"4":{"start":{"line":5,"column":41},"end":{"line":5,"column":63}},"5":{"start":{"line":6,"column":29},"end":{"line":6,"column":59}},"6":{"start":{"line":7,"column":37},"end":{"line":7,"column":42}},"7":{"start":{"line":8,"column":33},"end":{"line":8,"column":65}},"8":{"start":{"line":9,"column":37},"end":{"line":9,"column":46}}},"fnMap":{},"branchMap":{},"s":{"0":1,"1":1,"2":1,"3":1,"4":1,"5":1,"6":1,"7":1,"8":1},"f":{},"b":{},"_coverageSchema":"1a1c01bbd47fc00a2c39e90264f33305004495a9","hash":"21cd7b5c53bc1395575f0fd2b29a2d2b67bd30a2"}
,"C:\\nodejs\\microservice_login\\server\\user\\controller.js": {"path":"C:\\nodejs\\microservice_login\\server\\user\\controller.js","statementMap":{"0":{"start":{"line":14,"column":15},"end":{"line":14,"column":27}},"1":{"start":{"line":25,"column":24},"end":{"line":25,"column":29}},"2":{"start":{"line":26,"column":15},"end":{"line":26,"column":19}},"3":{"start":{"line":28,"column":4},"end":{"line":49,"column":5}},"4":{"start":{"line":29,"column":27},"end":{"line":29,"column":52}},"5":{"start":{"line":30,"column":22},"end":{"line":30,"column":86}},"6":{"start":{"line":32,"column":8},"end":{"line":45,"column":9}},"7":{"start":{"line":33,"column":33},"end":{"line":33,"column":75}},"8":{"start":{"line":34,"column":27},"end":{"line":34,"column":43}},"9":{"start":{"line":35,"column":28},"end":{"line":35,"column":60}},"10":{"start":{"line":37,"column":12},"end":{"line":44,"column":13}},"11":{"start":{"line":41,"column":20},"end":{"line":41,"column":38}},"12":{"start":{"line":42,"column":16},"end":{"line":42,"column":31}},"13":{"start":{"line":43,"column":16},"end":{"line":43,"column":37}},"14":{"start":{"line":48,"column":8},"end":{"line":48,"column":26}},"15":{"start":{"line":51,"column":4},"end":{"line":54,"column":7}},"16":{"start":{"line":69,"column":8},"end":{"line":69,"column":16}},"17":{"start":{"line":70,"column":4},"end":{"line":95,"column":5}},"18":{"start":{"line":71,"column":21},"end":{"line":73,"column":10}},"19":{"start":{"line":75,"column":8},"end":{"line":81,"column":9}},"20":{"start":{"line":76,"column":12},"end":{"line":79,"column":15}},"21":{"start":{"line":80,"column":12},"end":{"line":80,"column":19}},"22":{"start":{"line":82,"column":24},"end":{"line":82,"column":69}},"23":{"start":{"line":84,"column":8},"end":{"line":89,"column":9}},"24":{"start":{"line":85,"column":12},"end":{"line":88,"column":15}},"25":{"start":{"line":91,"column":8},"end":{"line":91,"column":35}},"26":{"start":{"line":94,"column":8},"end":{"line":94,"column":18}},"27":{"start":{"line":113,"column":8},"end":{"line":113,"column":16}},"28":{"start":{"line":115,"column":4},"end":{"line":141,"column":5}},"29":{"start":{"line":116,"column":26},"end":{"line":118,"column":10}},"30":{"start":{"line":119,"column":8},"end":{"line":125,"column":9}},"31":{"start":{"line":120,"column":12},"end":{"line":123,"column":15}},"32":{"start":{"line":124,"column":12},"end":{"line":124,"column":19}},"33":{"start":{"line":127,"column":21},"end":{"line":127,"column":45}},"34":{"start":{"line":128,"column":31},"end":{"line":128,"column":64}},"35":{"start":{"line":131,"column":24},"end":{"line":135,"column":10}},"36":{"start":{"line":136,"column":21},"end":{"line":136,"column":41}},"37":{"start":{"line":138,"column":8},"end":{"line":138,"column":35}},"38":{"start":{"line":140,"column":8},"end":{"line":140,"column":18}},"39":{"start":{"line":151,"column":18},"end":{"line":155,"column":6}},"40":{"start":{"line":157,"column":50},"end":{"line":157,"column":65}},"41":{"start":{"line":159,"column":4},"end":{"line":159,"column":38}},"42":{"start":{"line":160,"column":4},"end":{"line":160,"column":15}}},"fnMap":{"0":{"name":"checkAuth","decl":{"start":{"line":24,"column":22},"end":{"line":24,"column":31}},"loc":{"start":{"line":24,"column":48},"end":{"line":55,"column":1}},"line":24},"1":{"name":"login","decl":{"start":{"line":65,"column":22},"end":{"line":65,"column":27}},"loc":{"start":{"line":65,"column":44},"end":{"line":96,"column":1}},"line":65},"2":{"name":"register","decl":{"start":{"line":108,"column":22},"end":{"line":108,"column":30}},"loc":{"start":{"line":108,"column":47},"end":{"line":142,"column":1}},"line":108},"3":{"name":"loadUser","decl":{"start":{"line":150,"column":16},"end":{"line":150,"column":24}},"loc":{"start":{"line":150,"column":36},"end":{"line":161,"column":1}},"line":150}},"branchMap":{"0":{"loc":{"start":{"line":30,"column":22},"end":{"line":30,"column":86}},"type":"binary-expr","locations":[{"start":{"line":30,"column":22},"end":{"line":30,"column":32}},{"start":{"line":30,"column":36},"end":{"line":30,"column":86}}],"line":30},"1":{"loc":{"start":{"line":32,"column":8},"end":{"line":45,"column":9}},"type":"if","locations":[{"start":{"line":32,"column":8},"end":{"line":45,"column":9}},{"start":{"line":32,"column":8},"end":{"line":45,"column":9}}],"line":32},"2":{"loc":{"start":{"line":37,"column":12},"end":{"line":44,"column":13}},"type":"if","locations":[{"start":{"line":37,"column":12},"end":{"line":44,"column":13}},{"start":{"line":37,"column":12},"end":{"line":44,"column":13}}],"line":37},"3":{"loc":{"start":{"line":75,"column":8},"end":{"line":81,"column":9}},"type":"if","locations":[{"start":{"line":75,"column":8},"end":{"line":81,"column":9}},{"start":{"line":75,"column":8},"end":{"line":81,"column":9}}],"line":75},"4":{"loc":{"start":{"line":84,"column":8},"end":{"line":89,"column":9}},"type":"if","locations":[{"start":{"line":84,"column":8},"end":{"line":89,"column":9}},{"start":{"line":84,"column":8},"end":{"line":89,"column":9}}],"line":84},"5":{"loc":{"start":{"line":119,"column":8},"end":{"line":125,"column":9}},"type":"if","locations":[{"start":{"line":119,"column":8},"end":{"line":125,"column":9}},{"start":{"line":119,"column":8},"end":{"line":125,"column":9}}],"line":119}},"s":{"0":1,"1":0,"2":0,"3":0,"4":0,"5":0,"6":0,"7":0,"8":0,"9":0,"10":0,"11":0,"12":0,"13":0,"14":0,"15":0,"16":0,"17":0,"18":0,"19":0,"20":0,"21":0,"22":0,"23":0,"24":0,"25":0,"26":0,"27":0,"28":0,"29":0,"30":0,"31":0,"32":0,"33":0,"34":0,"35":0,"36":0,"37":0,"38":0,"39":1,"40":1,"41":1,"42":1},"f":{"0":0,"1":0,"2":0,"3":1},"b":{"0":[0,0],"1":[0,0],"2":[0,0],"3":[0,0],"4":[0,0],"5":[0,0]},"_coverageSchema":"1a1c01bbd47fc00a2c39e90264f33305004495a9","hash":"2f12fa8c53ad6baa161a44b3b81747ad817c2e8c"}
,"C:\\nodejs\\microservice_login\\server\\user\\extendedModel.js": {"path":"C:\\nodejs\\microservice_login\\server\\user\\extendedModel.js","statementMap":{"0":{"start":{"line":1,"column":0},"end":{"line":15,"column":2}}},"fnMap":{},"branchMap":{},"s":{"0":1},"f":{},"b":{},"_coverageSchema":"1a1c01bbd47fc00a2c39e90264f33305004495a9","hash":"2269812278097e2933209f0487bc1fe16ee8f847"}
,"C:\\nodejs\\microservice_login\\server\\user\\model.js": {"path":"C:\\nodejs\\microservice_login\\server\\user\\model.js","statementMap":{"0":{"start":{"line":5,"column":19},"end":{"line":26,"column":2}}},"fnMap":{},"branchMap":{},"s":{"0":1},"f":{},"b":{},"_coverageSchema":"1a1c01bbd47fc00a2c39e90264f33305004495a9","hash":"6295e3f0a2dba8736a1bfa7a7f783077b455b3e8"}
}
