TN:
SF:server\middleware.js
FN:10,(anonymous_0)
FNF:1
FNH:1
FNDA:1,(anonymous_0)
DA:10,1
DA:11,1
DA:13,1
DA:14,1
DA:15,1
DA:16,1
DA:17,1
LF:7
LH:7
BRF:0
BRH:0
end_of_record
TN:
SF:server\services\connectDB.js
FN:8,(anonymous_0)
FN:15,(anonymous_1)
FN:16,(anonymous_2)
FNF:3
FNH:3
FNDA:2,(anonymous_0)
FNDA:1,(anonymous_1)
FNDA:1,(anonymous_2)
DA:8,1
DA:9,2
DA:15,1
DA:17,1
DA:18,1
DA:19,1
LF:6
LH:6
BRDA:8,0,0,0
BRDA:8,1,0,0
BRF:2
BRH:0
end_of_record
TN:
SF:server\services\errorHandling.js
FN:13,validationError
FN:25,(anonymous_1)
FN:25,(anonymous_2)
FN:37,clientErrorHandler
FN:52,errorHandler
FNF:5
FNH:5
FNDA:2,validationError
FNDA:1,(anonymous_1)
FNDA:1,(anonymous_2)
FNDA:2,clientErrorHandler
FNDA:1,errorHandler
DA:14,2
DA:15,1
DA:17,1
DA:25,1
DA:26,1
DA:27,1
DA:38,2
DA:39,1
DA:41,1
DA:53,1
DA:54,1
LF:11
LH:11
BRDA:14,0,0,1
BRDA:14,0,1,1
BRDA:38,1,0,1
BRDA:38,1,1,1
BRF:4
BRH:4
end_of_record
TN:
SF:server\services\logger.js
FN:5,(anonymous_0)
FN:9,(anonymous_1)
FN:13,(anonymous_2)
FN:17,(anonymous_3)
FNF:4
FNH:4
FNDA:4,(anonymous_0)
FNDA:1,(anonymous_1)
FNDA:1,(anonymous_2)
FNDA:1,(anonymous_3)
DA:6,4
DA:10,1
DA:14,1
DA:18,1
LF:4
LH:4
BRDA:5,0,0,1
BRF:1
BRH:1
end_of_record
TN:
SF:server\user\constants.js
FNF:0
FNH:0
DA:1,1
DA:2,1
DA:3,1
DA:4,1
DA:5,1
DA:6,1
DA:7,1
DA:8,1
DA:9,1
LF:9
LH:9
BRF:0
BRH:0
end_of_record
TN:
SF:server\user\controller.js
FN:24,checkAuth
FN:65,login
FN:108,register
FN:150,loadUser
FNF:4
FNH:1
FNDA:0,checkAuth
FNDA:0,login
FNDA:0,register
FNDA:1,loadUser
DA:14,1
DA:25,0
DA:26,0
DA:28,0
DA:29,0
DA:30,0
DA:32,0
DA:33,0
DA:34,0
DA:35,0
DA:37,0
DA:41,0
DA:42,0
DA:43,0
DA:48,0
DA:51,0
DA:69,0
DA:70,0
DA:71,0
DA:75,0
DA:76,0
DA:80,0
DA:82,0
DA:84,0
DA:85,0
DA:91,0
DA:94,0
DA:113,0
DA:115,0
DA:116,0
DA:119,0
DA:120,0
DA:124,0
DA:127,0
DA:128,0
DA:131,0
DA:136,0
DA:138,0
DA:140,0
DA:151,1
DA:157,1
DA:159,1
DA:160,1
LF:43
LH:5
BRDA:30,0,0,0
BRDA:30,0,1,0
BRDA:32,1,0,0
BRDA:32,1,1,0
BRDA:37,2,0,0
BRDA:37,2,1,0
BRDA:75,3,0,0
BRDA:75,3,1,0
BRDA:84,4,0,0
BRDA:84,4,1,0
BRDA:119,5,0,0
BRDA:119,5,1,0
BRF:12
BRH:0
end_of_record
TN:
SF:server\user\extendedModel.js
FNF:0
FNH:0
DA:1,1
LF:1
LH:1
BRF:0
BRH:0
end_of_record
TN:
SF:server\user\model.js
FNF:0
FNH:0
DA:5,1
LF:1
LH:1
BRF:0
BRH:0
end_of_record
